# JRE version: Java(TM) SE Runtime Environment (8.0_171-b11) (build 1.8.0_171-b11)
# Java VM: Java HotSpot(TM) Client VM (25.171-b11 mixed mode, sharing windows-x86 )
Heap:
 def new generation   total 12224K, used 4856K [0x03c00000, 0x04940000, 0x09150000)
  eden space 10880K,  37% used [0x03c00000, 0x03ff5328, 0x046a0000)
  from space 1344K,  59% used [0x047f0000, 0x048b8ea0, 0x04940000)
  to   space 1344K,   0% used [0x046a0000, 0x046a0000, 0x047f0000)
 tenured generation   total 27036K, used 24711K [0x09150000, 0x0abb7000, 0x13c00000)
   the space 27036K,  91% used [0x09150000, 0x0a971cd8, 0x0a971e00, 0x0abb7000)
 Metaspace       used 26181K, capacity 27639K, committed 27776K, reserved 28032K
GC Heap History (10 events):
Event: 9.451 GC heap before
{Heap before GC invocations=98 (full 3):
 def new generation   total 12224K, used 12082K [0x03c00000, 0x04940000, 0x09150000)
  eden space 10880K, 100% used [0x03c00000, 0x046a0000, 0x046a0000)
  from space 1344K,  89% used [0x046a0000, 0x047ccb98, 0x047f0000)
  to   space 1344K,   0% used [0x047f0000, 0x047f0000, 0x04940000)
 tenured generation   total 27036K, used 22297K [0x09150000, 0x0abb7000, 0x13c00000)
   the space 27036K,  82% used [0x09150000, 0x0a7164a8, 0x0a716600, 0x0abb7000)
 Metaspace       used 23965K, capacity 25320K, committed 25344K, reserved 25984K
Event: 9.457 GC heap after
Heap after GC invocations=99 (full 3):
 def new generation   total 12224K, used 552K [0x03c00000, 0x04940000, 0x09150000)
  eden space 10880K,   0% used [0x03c00000, 0x03c00000, 0x046a0000)
  from space 1344K,  41% used [0x047f0000, 0x0487a3f8, 0x04940000)
  to   space 1344K,   0% used [0x046a0000, 0x046a0000, 0x047f0000)
 tenured generation   total 27036K, used 23114K [0x09150000, 0x0abb7000, 0x13c00000)
   the space 27036K,  85% used [0x09150000, 0x0a7e2aa0, 0x0a7e2c00, 0x0abb7000)
 Metaspace       used 23965K, capacity 25320K, committed 25344K, reserved 25984K
}
Event: 20.524 GC heap before
{Heap before GC invocations=99 (full 3):
 def new generation   total 12224K, used 11432K [0x03c00000, 0x04940000, 0x09150000)
  eden space 10880K, 100% used [0x03c00000, 0x046a0000, 0x046a0000)
  from space 1344K,  41% used [0x047f0000, 0x0487a3f8, 0x04940000)
  to   space 1344K,   0% used [0x046a0000, 0x046a0000, 0x047f0000)
 tenured generation   total 27036K, used 23114K [0x09150000, 0x0abb7000, 0x13c00000)
   the space 27036K,  85% used [0x09150000, 0x0a7e2aa0, 0x0a7e2c00, 0x0abb7000)
 Metaspace       used 24370K, capacity 25789K, committed 25856K, reserved 25984K
Event: 20.532 GC heap after
Heap after GC invocations=100 (full 3):
 def new generation   total 12224K, used 1188K [0x03c00000, 0x04940000, 0x09150000)
  eden space 10880K,   0% used [0x03c00000, 0x03c00000, 0x046a0000)
  from space 1344K,  88% used [0x046a0000, 0x047c9108, 0x047f0000)
  to   space 1344K,   0% used [0x047f0000, 0x047f0000, 0x04940000)
 tenured generation   total 27036K, used 23114K [0x09150000, 0x0abb7000, 0x13c00000)
   the space 27036K,  85% used [0x09150000, 0x0a7e2aa0, 0x0a7e2c00, 0x0abb7000)
 Metaspace       used 24370K, capacity 25789K, committed 25856K, reserved 25984K
}
Event: 20.657 GC heap before
{Heap before GC invocations=100 (full 3):
 def new generation   total 12224K, used 12068K [0x03c00000, 0x04940000, 0x09150000)
  eden space 10880K, 100% used [0x03c00000, 0x046a0000, 0x046a0000)
  from space 1344K,  88% used [0x046a0000, 0x047c9108, 0x047f0000)
  to   space 1344K,   0% used [0x047f0000, 0x047f0000, 0x04940000)
 tenured generation   total 27036K, used 23114K [0x09150000, 0x0abb7000, 0x13c00000)
   the space 27036K,  85% used [0x09150000, 0x0a7e2aa0, 0x0a7e2c00, 0x0abb7000)
 Metaspace       used 25123K, capacity 26536K, committed 26624K, reserved 27008K
Event: 20.667 GC heap after
Heap after GC invocations=101 (full 3):
 def new generation   total 12224K, used 1215K [0x03c00000, 0x04940000, 0x09150000)
  eden space 10880K,   0% used [0x03c00000, 0x03c00000, 0x046a0000)
  from space 1344K,  90% used [0x047f0000, 0x0491fd00, 0x04940000)
  to   space 1344K,   0% used [0x046a0000, 0x046a0000, 0x047f0000)
 tenured generation   total 27036K, used 24022K [0x09150000, 0x0abb7000, 0x13c00000)
   the space 27036K,  88% used [0x09150000, 0x0a8c5bd8, 0x0a8c5c00, 0x0abb7000)
 Metaspace       used 25123K, capacity 26536K, committed 26624K, reserved 27008K
}
Event: 20.838 GC heap before
{Heap before GC invocations=101 (full 3):
 def new generation   total 12224K, used 12095K [0x03c00000, 0x04940000, 0x09150000)
  eden space 10880K, 100% used [0x03c00000, 0x046a0000, 0x046a0000)
  from space 1344K,  90% used [0x047f0000, 0x0491fd00, 0x04940000)
  to   space 1344K,   0% used [0x046a0000, 0x046a0000, 0x047f0000)
 tenured generation   total 27036K, used 24022K [0x09150000, 0x0abb7000, 0x13c00000)
   the space 27036K,  88% used [0x09150000, 0x0a8c5bd8, 0x0a8c5c00, 0x0abb7000)
 Metaspace       used 25933K, capacity 27338K, committed 27392K, reserved 28032K
Event: 20.844 GC heap after
Heap after GC invocations=102 (full 3):
 def new generation   total 12224K, used 1216K [0x03c00000, 0x04940000, 0x09150000)
  eden space 10880K,   0% used [0x03c00000, 0x03c00000, 0x046a0000)
  from space 1344K,  90% used [0x046a0000, 0x047d0340, 0x047f0000)
  to   space 1344K,   0% used [0x047f0000, 0x047f0000, 0x04940000)
 tenured generation   total 27036K, used 24348K [0x09150000, 0x0abb7000, 0x13c00000)
   the space 27036K,  90% used [0x09150000, 0x0a9172d8, 0x0a917400, 0x0abb7000)
 Metaspace       used 25933K, capacity 27338K, committed 27392K, reserved 28032K
}
Event: 79.895 GC heap before
{Heap before GC invocations=102 (full 3):
 def new generation   total 12224K, used 12096K [0x03c00000, 0x04940000, 0x09150000)
  eden space 10880K, 100% used [0x03c00000, 0x046a0000, 0x046a0000)
  from space 1344K,  90% used [0x046a0000, 0x047d0340, 0x047f0000)
  to   space 1344K,   0% used [0x047f0000, 0x047f0000, 0x04940000)
 tenured generation   total 27036K, used 24348K [0x09150000, 0x0abb7000, 0x13c00000)
   the space 27036K,  90% used [0x09150000, 0x0a9172d8, 0x0a917400, 0x0abb7000)
 Metaspace       used 26180K, capacity 27636K, committed 27776K, reserved 28032K
Event: 79.901 GC heap after
Heap after GC invocations=103 (full 3):
 def new generation   total 12224K, used 803K [0x03c00000, 0x04940000, 0x09150000)
  eden space 10880K,   0% used [0x03c00000, 0x03c00000, 0x046a0000)
  from space 1344K,  59% used [0x047f0000, 0x048b8ea0, 0x04940000)
  to   space 1344K,   0% used [0x046a0000, 0x046a0000, 0x047f0000)
 tenured generation   total 27036K, used 24711K [0x09150000, 0x0abb7000, 0x13c00000)
   the space 27036K,  91% used [0x09150000, 0x0a971cd8, 0x0a971e00, 0x0abb7000)
 Metaspace       used 26180K, capacity 27636K, committed 27776K, reserved 28032K
}

