# JRE version: Java(TM) SE Runtime Environment (8.0_171-b11) (build 1.8.0_171-b11)
# Java VM: Java HotSpot(TM) Client VM (25.171-b11 mixed mode, sharing windows-x86 )
Heap:
 def new generation   total 13184K, used 11380K [0x03c00000, 0x04a40000, 0x09150000)
  eden space 11776K,  90% used [0x03c00000, 0x04666840, 0x04780000)
  from space 1408K,  51% used [0x04780000, 0x04836930, 0x048e0000)
  to   space 1408K,   0% used [0x048e0000, 0x048e0000, 0x04a40000)
 tenured generation   total 29092K, used 25044K [0x09150000, 0x0adb9000, 0x13c00000)
   the space 29092K,  86% used [0x09150000, 0x0a9c5128, 0x0a9c5200, 0x0adb9000)
 Metaspace       used 26184K, capacity 27646K, committed 27776K, reserved 28032K
GC Heap History (10 events):
Event: 53.388 GC heap before
{Heap before GC invocations=100 (full 3):
 def new generation   total 13184K, used 12489K [0x03c00000, 0x04a40000, 0x09150000)
  eden space 11776K, 100% used [0x03c00000, 0x04780000, 0x04780000)
  from space 1408K,  50% used [0x048e0000, 0x049927e8, 0x04a40000)
  to   space 1408K,   0% used [0x04780000, 0x04780000, 0x048e0000)
 tenured generation   total 29092K, used 23212K [0x09150000, 0x0adb9000, 0x13c00000)
   the space 29092K,  79% used [0x09150000, 0x0a7fb390, 0x0a7fb400, 0x0adb9000)
 Metaspace       used 24501K, capacity 25917K, committed 25984K, reserved 25984K
Event: 53.395 GC heap after
Heap after GC invocations=101 (full 3):
 def new generation   total 13184K, used 890K [0x03c00000, 0x04a40000, 0x09150000)
  eden space 11776K,   0% used [0x03c00000, 0x03c00000, 0x04780000)
  from space 1408K,  63% used [0x04780000, 0x0485ea48, 0x048e0000)
  to   space 1408K,   0% used [0x048e0000, 0x048e0000, 0x04a40000)
 tenured generation   total 29092K, used 23632K [0x09150000, 0x0adb9000, 0x13c00000)
   the space 29092K,  81% used [0x09150000, 0x0a864250, 0x0a864400, 0x0adb9000)
 Metaspace       used 24501K, capacity 25917K, committed 25984K, reserved 25984K
}
Event: 53.548 GC heap before
{Heap before GC invocations=101 (full 3):
 def new generation   total 13184K, used 12666K [0x03c00000, 0x04a40000, 0x09150000)
  eden space 11776K, 100% used [0x03c00000, 0x04780000, 0x04780000)
  from space 1408K,  63% used [0x04780000, 0x0485ea48, 0x048e0000)
  to   space 1408K,   0% used [0x048e0000, 0x048e0000, 0x04a40000)
 tenured generation   total 29092K, used 23632K [0x09150000, 0x0adb9000, 0x13c00000)
   the space 29092K,  81% used [0x09150000, 0x0a864250, 0x0a864400, 0x0adb9000)
 Metaspace       used 25501K, capacity 26920K, committed 27008K, reserved 27008K
Event: 53.560 GC heap after
Heap after GC invocations=102 (full 3):
 def new generation   total 13184K, used 1390K [0x03c00000, 0x04a40000, 0x09150000)
  eden space 11776K,   0% used [0x03c00000, 0x03c00000, 0x04780000)
  from space 1408K,  98% used [0x048e0000, 0x04a3b838, 0x04a40000)
  to   space 1408K,   0% used [0x04780000, 0x04780000, 0x048e0000)
 tenured generation   total 29092K, used 24177K [0x09150000, 0x0adb9000, 0x13c00000)
   the space 29092K,  83% used [0x09150000, 0x0a8ec5b0, 0x0a8ec600, 0x0adb9000)
 Metaspace       used 25501K, capacity 26920K, committed 27008K, reserved 27008K
}
Event: 53.729 GC heap before
{Heap before GC invocations=102 (full 3):
 def new generation   total 13184K, used 13166K [0x03c00000, 0x04a40000, 0x09150000)
  eden space 11776K, 100% used [0x03c00000, 0x04780000, 0x04780000)
  from space 1408K,  98% used [0x048e0000, 0x04a3b838, 0x04a40000)
  to   space 1408K,   0% used [0x04780000, 0x04780000, 0x048e0000)
 tenured generation   total 29092K, used 24177K [0x09150000, 0x0adb9000, 0x13c00000)
   the space 29092K,  83% used [0x09150000, 0x0a8ec5b0, 0x0a8ec600, 0x0adb9000)
 Metaspace       used 26000K, capacity 27434K, committed 27520K, reserved 28032K
Event: 53.735 GC heap after
Heap after GC invocations=103 (full 3):
 def new generation   total 13184K, used 1209K [0x03c00000, 0x04a40000, 0x09150000)
  eden space 11776K,   0% used [0x03c00000, 0x03c00000, 0x04780000)
  from space 1408K,  85% used [0x04780000, 0x048ae740, 0x048e0000)
  to   space 1408K,   0% used [0x048e0000, 0x048e0000, 0x04a40000)
 tenured generation   total 29092K, used 24543K [0x09150000, 0x0adb9000, 0x13c00000)
   the space 29092K,  84% used [0x09150000, 0x0a947f68, 0x0a948000, 0x0adb9000)
 Metaspace       used 26000K, capacity 27434K, committed 27520K, reserved 28032K
}
Event: 247.736 GC heap before
{Heap before GC invocations=103 (full 3):
 def new generation   total 13184K, used 12985K [0x03c00000, 0x04a40000, 0x09150000)
  eden space 11776K, 100% used [0x03c00000, 0x04780000, 0x04780000)
  from space 1408K,  85% used [0x04780000, 0x048ae740, 0x048e0000)
  to   space 1408K,   0% used [0x048e0000, 0x048e0000, 0x04a40000)
 tenured generation   total 29092K, used 24543K [0x09150000, 0x0adb9000, 0x13c00000)
   the space 29092K,  84% used [0x09150000, 0x0a947f68, 0x0a948000, 0x0adb9000)
 Metaspace       used 26180K, capacity 27636K, committed 27776K, reserved 28032K
Event: 247.751 GC heap after
Heap after GC invocations=104 (full 3):
 def new generation   total 13184K, used 600K [0x03c00000, 0x04a40000, 0x09150000)
  eden space 11776K,   0% used [0x03c00000, 0x03c00000, 0x04780000)
  from space 1408K,  42% used [0x048e0000, 0x04976048, 0x04a40000)
  to   space 1408K,   0% used [0x04780000, 0x04780000, 0x048e0000)
 tenured generation   total 29092K, used 25044K [0x09150000, 0x0adb9000, 0x13c00000)
   the space 29092K,  86% used [0x09150000, 0x0a9c5128, 0x0a9c5200, 0x0adb9000)
 Metaspace       used 26180K, capacity 27636K, committed 27776K, reserved 28032K
}
Event: 311.209 GC heap before
{Heap before GC invocations=104 (full 3):
 def new generation   total 13184K, used 12376K [0x03c00000, 0x04a40000, 0x09150000)
  eden space 11776K, 100% used [0x03c00000, 0x04780000, 0x04780000)
  from space 1408K,  42% used [0x048e0000, 0x04976048, 0x04a40000)
  to   space 1408K,   0% used [0x04780000, 0x04780000, 0x048e0000)
 tenured generation   total 29092K, used 25044K [0x09150000, 0x0adb9000, 0x13c00000)
   the space 29092K,  86% used [0x09150000, 0x0a9c5128, 0x0a9c5200, 0x0adb9000)
 Metaspace       used 26184K, capacity 27646K, committed 27776K, reserved 28032K
Event: 311.214 GC heap after
Heap after GC invocations=105 (full 3):
 def new generation   total 13184K, used 730K [0x03c00000, 0x04a40000, 0x09150000)
  eden space 11776K,   0% used [0x03c00000, 0x03c00000, 0x04780000)
  from space 1408K,  51% used [0x04780000, 0x04836930, 0x048e0000)
  to   space 1408K,   0% used [0x048e0000, 0x048e0000, 0x04a40000)
 tenured generation   total 29092K, used 25044K [0x09150000, 0x0adb9000, 0x13c00000)
   the space 29092K,  86% used [0x09150000, 0x0a9c5128, 0x0a9c5200, 0x0adb9000)
 Metaspace       used 26184K, capacity 27646K, committed 27776K, reserved 28032K
}

