# JRE version: Java(TM) SE Runtime Environment (8.0_171-b11) (build 1.8.0_171-b11)
# Java VM: Java HotSpot(TM) Client VM (25.171-b11 mixed mode, sharing windows-x86 )
Heap:
 def new generation   total 13696K, used 4307K [0x03c00000, 0x04ad0000, 0x09150000)
  eden space 12224K,  32% used [0x03c00000, 0x03fdb7e8, 0x047f0000)
  from space 1472K,  24% used [0x047f0000, 0x04849488, 0x04960000)
  to   space 1472K,   0% used [0x04960000, 0x04960000, 0x04ad0000)
 tenured generation   total 30304K, used 22591K [0x09150000, 0x0aee8000, 0x13c00000)
   the space 30304K,  74% used [0x09150000, 0x0a75fe08, 0x0a08fc00, 0x0aee8000)
 Metaspace       used 37186K, capacity 38929K, committed 39040K, reserved 39296K
GC Heap History (10 events):
Event: 633.158 GC heap after
Heap after GC invocations=216 (full 10):
 def new generation   total 13696K, used 1086K [0x03c00000, 0x04ad0000, 0x09150000)
  eden space 12224K,   0% used [0x03c00000, 0x03c00000, 0x047f0000)
  from space 1472K,  73% used [0x047f0000, 0x048ff960, 0x04960000)
  to   space 1472K,   0% used [0x04960000, 0x04960000, 0x04ad0000)
 tenured generation   total 30304K, used 19932K [0x09150000, 0x0aee8000, 0x13c00000)
   the space 30304K,  65% used [0x09150000, 0x0a4c7310, 0x0a4c7400, 0x0aee8000)
 Metaspace       used 37085K, capacity 38813K, committed 38912K, reserved 39296K
}
Event: 633.374 GC heap before
{Heap before GC invocations=216 (full 10):
 def new generation   total 13696K, used 13310K [0x03c00000, 0x04ad0000, 0x09150000)
  eden space 12224K, 100% used [0x03c00000, 0x047f0000, 0x047f0000)
  from space 1472K,  73% used [0x047f0000, 0x048ff960, 0x04960000)
  to   space 1472K,   0% used [0x04960000, 0x04960000, 0x04ad0000)
 tenured generation   total 30304K, used 19932K [0x09150000, 0x0aee8000, 0x13c00000)
   the space 30304K,  65% used [0x09150000, 0x0a4c7310, 0x0a4c7400, 0x0aee8000)
 Metaspace       used 37089K, capacity 38818K, committed 38912K, reserved 39296K
Event: 633.381 GC heap after
Heap after GC invocations=217 (full 10):
 def new generation   total 13696K, used 1068K [0x03c00000, 0x04ad0000, 0x09150000)
  eden space 12224K,   0% used [0x03c00000, 0x03c00000, 0x047f0000)
  from space 1472K,  72% used [0x04960000, 0x04a6b130, 0x04ad0000)
  to   space 1472K,   0% used [0x047f0000, 0x047f0000, 0x04960000)
 tenured generation   total 30304K, used 20343K [0x09150000, 0x0aee8000, 0x13c00000)
   the space 30304K,  67% used [0x09150000, 0x0a52dd90, 0x0a52de00, 0x0aee8000)
 Metaspace       used 37089K, capacity 38818K, committed 38912K, reserved 39296K
}
Event: 633.848 GC heap before
{Heap before GC invocations=217 (full 10):
 def new generation   total 13696K, used 13292K [0x03c00000, 0x04ad0000, 0x09150000)
  eden space 12224K, 100% used [0x03c00000, 0x047f0000, 0x047f0000)
  from space 1472K,  72% used [0x04960000, 0x04a6b130, 0x04ad0000)
  to   space 1472K,   0% used [0x047f0000, 0x047f0000, 0x04960000)
 tenured generation   total 30304K, used 20343K [0x09150000, 0x0aee8000, 0x13c00000)
   the space 30304K,  67% used [0x09150000, 0x0a52dd90, 0x0a52de00, 0x0aee8000)
 Metaspace       used 37173K, capacity 38912K, committed 38912K, reserved 39296K
Event: 633.856 GC heap after
Heap after GC invocations=218 (full 10):
 def new generation   total 13696K, used 892K [0x03c00000, 0x04ad0000, 0x09150000)
  eden space 12224K,   0% used [0x03c00000, 0x03c00000, 0x047f0000)
  from space 1472K,  60% used [0x047f0000, 0x048cf0c8, 0x04960000)
  to   space 1472K,   0% used [0x04960000, 0x04960000, 0x04ad0000)
 tenured generation   total 30304K, used 21027K [0x09150000, 0x0aee8000, 0x13c00000)
   the space 30304K,  69% used [0x09150000, 0x0a5d8e78, 0x0a5d9000, 0x0aee8000)
 Metaspace       used 37173K, capacity 38912K, committed 38912K, reserved 39296K
}
Event: 634.109 GC heap before
{Heap before GC invocations=218 (full 10):
 def new generation   total 13696K, used 13116K [0x03c00000, 0x04ad0000, 0x09150000)
  eden space 12224K, 100% used [0x03c00000, 0x047f0000, 0x047f0000)
  from space 1472K,  60% used [0x047f0000, 0x048cf0c8, 0x04960000)
  to   space 1472K,   0% used [0x04960000, 0x04960000, 0x04ad0000)
 tenured generation   total 30304K, used 21027K [0x09150000, 0x0aee8000, 0x13c00000)
   the space 30304K,  69% used [0x09150000, 0x0a5d8e78, 0x0a5d9000, 0x0aee8000)
 Metaspace       used 37180K, capacity 38922K, committed 39040K, reserved 39296K
Event: 634.117 GC heap after
Heap after GC invocations=219 (full 10):
 def new generation   total 13696K, used 892K [0x03c00000, 0x04ad0000, 0x09150000)
  eden space 12224K,   0% used [0x03c00000, 0x03c00000, 0x047f0000)
  from space 1472K,  60% used [0x04960000, 0x04a3f0a8, 0x04ad0000)
  to   space 1472K,   0% used [0x047f0000, 0x047f0000, 0x04960000)
 tenured generation   total 30304K, used 21884K [0x09150000, 0x0aee8000, 0x13c00000)
   the space 30304K,  72% used [0x09150000, 0x0a6af210, 0x0a6af400, 0x0aee8000)
 Metaspace       used 37180K, capacity 38922K, committed 39040K, reserved 39296K
}
Event: 797.206 GC heap before
{Heap before GC invocations=219 (full 10):
 def new generation   total 13696K, used 13116K [0x03c00000, 0x04ad0000, 0x09150000)
  eden space 12224K, 100% used [0x03c00000, 0x047f0000, 0x047f0000)
  from space 1472K,  60% used [0x04960000, 0x04a3f0a8, 0x04ad0000)
  to   space 1472K,   0% used [0x047f0000, 0x047f0000, 0x04960000)
 tenured generation   total 30304K, used 21884K [0x09150000, 0x0aee8000, 0x13c00000)
   the space 30304K,  72% used [0x09150000, 0x0a6af210, 0x0a6af400, 0x0aee8000)
 Metaspace       used 37184K, capacity 38927K, committed 39040K, reserved 39296K
Event: 797.216 GC heap after
Heap after GC invocations=220 (full 10):
 def new generation   total 13696K, used 357K [0x03c00000, 0x04ad0000, 0x09150000)
  eden space 12224K,   0% used [0x03c00000, 0x03c00000, 0x047f0000)
  from space 1472K,  24% used [0x047f0000, 0x04849488, 0x04960000)
  to   space 1472K,   0% used [0x04960000, 0x04960000, 0x04ad0000)
 tenured generation   total 30304K, used 22591K [0x09150000, 0x0aee8000, 0x13c00000)
   the space 30304K,  74% used [0x09150000, 0x0a75fe08, 0x0a760000, 0x0aee8000)
 Metaspace       used 37184K, capacity 38927K, committed 39040K, reserved 39296K
}
Event: 847.852 GC heap before
{Heap before GC invocations=220 (full 10):
 def new generation   total 13696K, used 4307K [0x03c00000, 0x04ad0000, 0x09150000)
  eden space 12224K,  32% used [0x03c00000, 0x03fdb7e8, 0x047f0000)
  from space 1472K,  24% used [0x047f0000, 0x04849488, 0x04960000)
  to   space 1472K,   0% used [0x04960000, 0x04960000, 0x04ad0000)
 tenured generation   total 30304K, used 22591K [0x09150000, 0x0aee8000, 0x13c00000)
   the space 30304K,  74% used [0x09150000, 0x0a75fe08, 0x0a760000, 0x0aee8000)
 Metaspace       used 37186K, capacity 38929K, committed 39040K, reserved 39296K

