# JRE version: Java(TM) SE Runtime Environment (8.0_171-b11) (build 1.8.0_171-b11)
# Java VM: Java HotSpot(TM) Client VM (25.171-b11 mixed mode windows-x86 )
Heap:
 def new generation   total 12928K, used 11742K [0x03a00000, 0x04800000, 0x08f50000)
  eden space 11520K,  95% used [0x03a00000, 0x044bfde8, 0x04540000)
  from space 1408K,  52% used [0x04540000, 0x045f7dd8, 0x046a0000)
  to   space 1408K,   0% used [0x046a0000, 0x046a0000, 0x04800000)
 tenured generation   total 28628K, used 17174K [0x08f50000, 0x0ab45000, 0x13a00000)
   the space 28628K,  59% used [0x08f50000, 0x0a0159f0, 0x0a015a00, 0x0ab45000)
 Metaspace       used 40233K, capacity 41931K, committed 42112K, reserved 42368K
GC Heap History (10 events):
Event: 27.992 GC heap before
{Heap before GC invocations=118 (full 3):
 def new generation   total 10496K, used 10485K [0x03a00000, 0x04560000, 0x08f50000)
  eden space 9344K,  99% used [0x03a00000, 0x0431d600, 0x04320000)
  from space 1152K,  99% used [0x04440000, 0x0455ffb0, 0x04560000)
  to   space 1152K,   0% used [0x04320000, 0x04320000, 0x04440000)
 tenured generation   total 23240K, used 23175K [0x08f50000, 0x0a602000, 0x13a00000)
   the space 23240K,  99% used [0x08f50000, 0x0a5f1c68, 0x0a5f1e00, 0x0a602000)
 Metaspace       used 39894K, capacity 41542K, committed 41600K, reserved 42368K
Event: 28.083 GC heap after
Heap after GC invocations=119 (full 4):
 def new generation   total 12928K, used 0K [0x03a00000, 0x04800000, 0x08f50000)
  eden space 11520K,   0% used [0x03a00000, 0x03a00000, 0x04540000)
  from space 1408K,   0% used [0x04540000, 0x04540000, 0x046a0000)
  to   space 1408K,   0% used [0x046a0000, 0x046a0000, 0x04800000)
 tenured generation   total 28628K, used 17174K [0x08f50000, 0x0ab45000, 0x13a00000)
   the space 28628K,  59% used [0x08f50000, 0x0a0159f0, 0x0a015a00, 0x0ab45000)
 Metaspace       used 39814K, capacity 41432K, committed 41600K, reserved 42368K
}
Event: 95.761 GC heap before
{Heap before GC invocations=119 (full 4):
 def new generation   total 12928K, used 11511K [0x03a00000, 0x04800000, 0x08f50000)
  eden space 11520K,  99% used [0x03a00000, 0x0453ddd0, 0x04540000)
  from space 1408K,   0% used [0x04540000, 0x04540000, 0x046a0000)
  to   space 1408K,   0% used [0x046a0000, 0x046a0000, 0x04800000)
 tenured generation   total 28628K, used 17174K [0x08f50000, 0x0ab45000, 0x13a00000)
   the space 28628K,  59% used [0x08f50000, 0x0a0159f0, 0x0a015a00, 0x0ab45000)
 Metaspace       used 40046K, capacity 41726K, committed 41856K, reserved 42368K
Event: 95.767 GC heap after
Heap after GC invocations=120 (full 4):
 def new generation   total 12928K, used 676K [0x03a00000, 0x04800000, 0x08f50000)
  eden space 11520K,   0% used [0x03a00000, 0x03a00000, 0x04540000)
  from space 1408K,  48% used [0x046a0000, 0x047493e0, 0x04800000)
  to   space 1408K,   0% used [0x04540000, 0x04540000, 0x046a0000)
 tenured generation   total 28628K, used 17174K [0x08f50000, 0x0ab45000, 0x13a00000)
   the space 28628K,  59% used [0x08f50000, 0x0a0159f0, 0x0a015a00, 0x0ab45000)
 Metaspace       used 40046K, capacity 41726K, committed 41856K, reserved 42368K
}
Event: 95.799 GC heap before
{Heap before GC invocations=120 (full 4):
 def new generation   total 12928K, used 12170K [0x03a00000, 0x04800000, 0x08f50000)
  eden space 11520K,  99% used [0x03a00000, 0x04539678, 0x04540000)
  from space 1408K,  48% used [0x046a0000, 0x047493e0, 0x04800000)
  to   space 1408K,   0% used [0x04540000, 0x04540000, 0x046a0000)
 tenured generation   total 28628K, used 17174K [0x08f50000, 0x0ab45000, 0x13a00000)
   the space 28628K,  59% used [0x08f50000, 0x0a0159f0, 0x0a015a00, 0x0ab45000)
 Metaspace       used 40046K, capacity 41726K, committed 41856K, reserved 42368K
Event: 95.802 GC heap after
Heap after GC invocations=121 (full 4):
 def new generation   total 12928K, used 349K [0x03a00000, 0x04800000, 0x08f50000)
  eden space 11520K,   0% used [0x03a00000, 0x03a00000, 0x04540000)
  from space 1408K,  24% used [0x04540000, 0x04597658, 0x046a0000)
  to   space 1408K,   0% used [0x046a0000, 0x046a0000, 0x04800000)
 tenured generation   total 28628K, used 17174K [0x08f50000, 0x0ab45000, 0x13a00000)
   the space 28628K,  59% used [0x08f50000, 0x0a0159f0, 0x0a015a00, 0x0ab45000)
 Metaspace       used 40046K, capacity 41726K, committed 41856K, reserved 42368K
}
Event: 95.829 GC heap before
{Heap before GC invocations=121 (full 4):
 def new generation   total 12928K, used 11857K [0x03a00000, 0x04800000, 0x08f50000)
  eden space 11520K,  99% used [0x03a00000, 0x0453ced0, 0x04540000)
  from space 1408K,  24% used [0x04540000, 0x04597658, 0x046a0000)
  to   space 1408K,   0% used [0x046a0000, 0x046a0000, 0x04800000)
 tenured generation   total 28628K, used 17174K [0x08f50000, 0x0ab45000, 0x13a00000)
   the space 28628K,  59% used [0x08f50000, 0x0a0159f0, 0x0a015a00, 0x0ab45000)
 Metaspace       used 40046K, capacity 41726K, committed 41856K, reserved 42368K
Event: 95.832 GC heap after
Heap after GC invocations=122 (full 4):
 def new generation   total 12928K, used 365K [0x03a00000, 0x04800000, 0x08f50000)
  eden space 11520K,   0% used [0x03a00000, 0x03a00000, 0x04540000)
  from space 1408K,  25% used [0x046a0000, 0x046fb5b0, 0x04800000)
  to   space 1408K,   0% used [0x04540000, 0x04540000, 0x046a0000)
 tenured generation   total 28628K, used 17174K [0x08f50000, 0x0ab45000, 0x13a00000)
   the space 28628K,  59% used [0x08f50000, 0x0a0159f0, 0x0a015a00, 0x0ab45000)
 Metaspace       used 40046K, capacity 41726K, committed 41856K, reserved 42368K
}
Event: 114.275 GC heap before
{Heap before GC invocations=122 (full 4):
 def new generation   total 12928K, used 11885K [0x03a00000, 0x04800000, 0x08f50000)
  eden space 11520K, 100% used [0x03a00000, 0x04540000, 0x04540000)
  from space 1408K,  25% used [0x046a0000, 0x046fb5b0, 0x04800000)
  to   space 1408K,   0% used [0x04540000, 0x04540000, 0x046a0000)
 tenured generation   total 28628K, used 17174K [0x08f50000, 0x0ab45000, 0x13a00000)
   the space 28628K,  59% used [0x08f50000, 0x0a0159f0, 0x0a015a00, 0x0ab45000)
 Metaspace       used 40230K, capacity 41931K, committed 42112K, reserved 42368K
Event: 114.285 GC heap after
Heap after GC invocations=123 (full 4):
 def new generation   total 12928K, used 735K [0x03a00000, 0x04800000, 0x08f50000)
  eden space 11520K,   0% used [0x03a00000, 0x03a00000, 0x04540000)
  from space 1408K,  52% used [0x04540000, 0x045f7dd8, 0x046a0000)
  to   space 1408K,   0% used [0x046a0000, 0x046a0000, 0x04800000)
 tenured generation   total 28628K, used 17174K [0x08f50000, 0x0ab45000, 0x13a00000)
   the space 28628K,  59% used [0x08f50000, 0x0a0159f0, 0x0a015a00, 0x0ab45000)
 Metaspace       used 40230K, capacity 41931K, committed 42112K, reserved 42368K
}

