# JRE version: Java(TM) SE Runtime Environment (8.0_171-b11) (build 1.8.0_171-b11)
# Java VM: Java HotSpot(TM) Client VM (25.171-b11 mixed mode windows-x86 )
Heap:
 def new generation   total 14144K, used 1183K [0x03e00000, 0x04d50000, 0x09350000)
  eden space 12608K,   6% used [0x03e00000, 0x03ec9e98, 0x04a50000)
  from space 1536K,  24% used [0x04bd0000, 0x04c2e098, 0x04d50000)
  to   space 1536K,   0% used [0x04a50000, 0x04a50000, 0x04bd0000)
 tenured generation   total 31320K, used 19860K [0x09350000, 0x0b1e6000, 0x13e00000)
   the space 31320K,  63% used [0x09350000, 0x0a6b51f8, 0x0a6b5200, 0x0b1e6000)
 Metaspace       used 39471K, capacity 41317K, committed 41344K, reserved 41344K
GC Heap History (10 events):
Event: 284.130 GC heap before
{Heap before GC invocations=122 (full 4):
 def new generation   total 14144K, used 13102K [0x03e00000, 0x04d50000, 0x09350000)
  eden space 12608K, 100% used [0x03e00000, 0x04a50000, 0x04a50000)
  from space 1536K,  32% used [0x04a50000, 0x04acbbb0, 0x04bd0000)
  to   space 1536K,   0% used [0x04bd0000, 0x04bd0000, 0x04d50000)
 tenured generation   total 31320K, used 19657K [0x09350000, 0x0b1e6000, 0x13e00000)
   the space 31320K,  62% used [0x09350000, 0x0a682578, 0x0a682600, 0x0b1e6000)
 Metaspace       used 39431K, capacity 41187K, committed 41216K, reserved 41344K
Event: 284.134 GC heap after
Heap after GC invocations=123 (full 4):
 def new generation   total 14144K, used 360K [0x03e00000, 0x04d50000, 0x09350000)
  eden space 12608K,   0% used [0x03e00000, 0x03e00000, 0x04a50000)
  from space 1536K,  23% used [0x04bd0000, 0x04c2a2e8, 0x04d50000)
  to   space 1536K,   0% used [0x04a50000, 0x04a50000, 0x04bd0000)
 tenured generation   total 31320K, used 19657K [0x09350000, 0x0b1e6000, 0x13e00000)
   the space 31320K,  62% used [0x09350000, 0x0a682578, 0x0a682600, 0x0b1e6000)
 Metaspace       used 39431K, capacity 41187K, committed 41216K, reserved 41344K
}
Event: 423.621 GC heap before
{Heap before GC invocations=123 (full 4):
 def new generation   total 14144K, used 12968K [0x03e00000, 0x04d50000, 0x09350000)
  eden space 12608K, 100% used [0x03e00000, 0x04a50000, 0x04a50000)
  from space 1536K,  23% used [0x04bd0000, 0x04c2a2e8, 0x04d50000)
  to   space 1536K,   0% used [0x04a50000, 0x04a50000, 0x04bd0000)
 tenured generation   total 31320K, used 19657K [0x09350000, 0x0b1e6000, 0x13e00000)
   the space 31320K,  62% used [0x09350000, 0x0a682578, 0x0a682600, 0x0b1e6000)
 Metaspace       used 39431K, capacity 41187K, committed 41216K, reserved 41344K
Event: 423.627 GC heap after
Heap after GC invocations=124 (full 4):
 def new generation   total 14144K, used 865K [0x03e00000, 0x04d50000, 0x09350000)
  eden space 12608K,   0% used [0x03e00000, 0x03e00000, 0x04a50000)
  from space 1536K,  56% used [0x04a50000, 0x04b28570, 0x04bd0000)
  to   space 1536K,   0% used [0x04bd0000, 0x04bd0000, 0x04d50000)
 tenured generation   total 31320K, used 19657K [0x09350000, 0x0b1e6000, 0x13e00000)
   the space 31320K,  62% used [0x09350000, 0x0a682578, 0x0a682600, 0x0b1e6000)
 Metaspace       used 39431K, capacity 41187K, committed 41216K, reserved 41344K
}
Event: 517.822 GC heap before
{Heap before GC invocations=124 (full 4):
 def new generation   total 14144K, used 13473K [0x03e00000, 0x04d50000, 0x09350000)
  eden space 12608K, 100% used [0x03e00000, 0x04a50000, 0x04a50000)
  from space 1536K,  56% used [0x04a50000, 0x04b28570, 0x04bd0000)
  to   space 1536K,   0% used [0x04bd0000, 0x04bd0000, 0x04d50000)
 tenured generation   total 31320K, used 19657K [0x09350000, 0x0b1e6000, 0x13e00000)
   the space 31320K,  62% used [0x09350000, 0x0a682578, 0x0a682600, 0x0b1e6000)
 Metaspace       used 39442K, capacity 41227K, committed 41344K, reserved 41344K
Event: 517.828 GC heap after
Heap after GC invocations=125 (full 4):
 def new generation   total 14144K, used 758K [0x03e00000, 0x04d50000, 0x09350000)
  eden space 12608K,   0% used [0x03e00000, 0x03e00000, 0x04a50000)
  from space 1536K,  49% used [0x04bd0000, 0x04c8d9c0, 0x04d50000)
  to   space 1536K,   0% used [0x04a50000, 0x04a50000, 0x04bd0000)
 tenured generation   total 31320K, used 19756K [0x09350000, 0x0b1e6000, 0x13e00000)
   the space 31320K,  63% used [0x09350000, 0x0a69b178, 0x0a69b200, 0x0b1e6000)
 Metaspace       used 39442K, capacity 41227K, committed 41344K, reserved 41344K
}
Event: 555.023 GC heap before
{Heap before GC invocations=125 (full 4):
 def new generation   total 14144K, used 13366K [0x03e00000, 0x04d50000, 0x09350000)
  eden space 12608K, 100% used [0x03e00000, 0x04a50000, 0x04a50000)
  from space 1536K,  49% used [0x04bd0000, 0x04c8d9c0, 0x04d50000)
  to   space 1536K,   0% used [0x04a50000, 0x04a50000, 0x04bd0000)
 tenured generation   total 31320K, used 19756K [0x09350000, 0x0b1e6000, 0x13e00000)
   the space 31320K,  63% used [0x09350000, 0x0a69b178, 0x0a69b200, 0x0b1e6000)
 Metaspace       used 39455K, capacity 41269K, committed 41344K, reserved 41344K
Event: 555.028 GC heap after
Heap after GC invocations=126 (full 4):
 def new generation   total 14144K, used 842K [0x03e00000, 0x04d50000, 0x09350000)
  eden space 12608K,   0% used [0x03e00000, 0x03e00000, 0x04a50000)
  from space 1536K,  54% used [0x04a50000, 0x04b22b30, 0x04bd0000)
  to   space 1536K,   0% used [0x04bd0000, 0x04bd0000, 0x04d50000)
 tenured generation   total 31320K, used 19756K [0x09350000, 0x0b1e6000, 0x13e00000)
   the space 31320K,  63% used [0x09350000, 0x0a69b178, 0x0a69b200, 0x0b1e6000)
 Metaspace       used 39455K, capacity 41269K, committed 41344K, reserved 41344K
}
Event: 708.692 GC heap before
{Heap before GC invocations=126 (full 4):
 def new generation   total 14144K, used 13450K [0x03e00000, 0x04d50000, 0x09350000)
  eden space 12608K, 100% used [0x03e00000, 0x04a50000, 0x04a50000)
  from space 1536K,  54% used [0x04a50000, 0x04b22b30, 0x04bd0000)
  to   space 1536K,   0% used [0x04bd0000, 0x04bd0000, 0x04d50000)
 tenured generation   total 31320K, used 19756K [0x09350000, 0x0b1e6000, 0x13e00000)
   the space 31320K,  63% used [0x09350000, 0x0a69b178, 0x0a69b200, 0x0b1e6000)
 Metaspace       used 39471K, capacity 41317K, committed 41344K, reserved 41344K
Event: 708.696 GC heap after
Heap after GC invocations=127 (full 4):
 def new generation   total 14144K, used 376K [0x03e00000, 0x04d50000, 0x09350000)
  eden space 12608K,   0% used [0x03e00000, 0x03e00000, 0x04a50000)
  from space 1536K,  24% used [0x04bd0000, 0x04c2e098, 0x04d50000)
  to   space 1536K,   0% used [0x04a50000, 0x04a50000, 0x04bd0000)
 tenured generation   total 31320K, used 19860K [0x09350000, 0x0b1e6000, 0x13e00000)
   the space 31320K,  63% used [0x09350000, 0x0a6b51f8, 0x0a6b5200, 0x0b1e6000)
 Metaspace       used 39471K, capacity 41317K, committed 41344K, reserved 41344K
}

