# JRE version: Java(TM) SE Runtime Environment (8.0_171-b11) (build 1.8.0_171-b11)
# Java VM: Java HotSpot(TM) Client VM (25.171-b11 mixed mode, sharing windows-x86 )
Heap:
 def new generation   total 12736K, used 9348K [0x03c00000, 0x049d0000, 0x09150000)
  eden space 11328K,  73% used [0x03c00000, 0x04429d30, 0x04710000)
  from space 1408K,  70% used [0x04710000, 0x04807550, 0x04870000)
  to   space 1408K,   0% used [0x04870000, 0x04870000, 0x049d0000)
 tenured generation   total 28216K, used 22595K [0x09150000, 0x0acde000, 0x13c00000)
   the space 28216K,  80% used [0x09150000, 0x0a760c48, 0x0a760e00, 0x0acde000)
 Metaspace       used 37186K, capacity 39102K, committed 39168K, reserved 39296K
GC Heap History (10 events):
Event: 2160.074 GC heap before
{Heap before GC invocations=229 (full 8):
 def new generation   total 12736K, used 12650K [0x03c00000, 0x049d0000, 0x09150000)
  eden space 11328K, 100% used [0x03c00000, 0x04710000, 0x04710000)
  from space 1408K,  93% used [0x04870000, 0x049ba850, 0x049d0000)
  to   space 1408K,   0% used [0x04710000, 0x04710000, 0x04870000)
 tenured generation   total 28216K, used 17367K [0x09150000, 0x0acde000, 0x13c00000)
   the space 28216K,  61% used [0x09150000, 0x0a245fe8, 0x0a246000, 0x0acde000)
 Metaspace       used 37016K, capacity 38890K, committed 39168K, reserved 39296K
Event: 2160.083 GC heap after
Heap after GC invocations=230 (full 8):
 def new generation   total 12736K, used 1196K [0x03c00000, 0x049d0000, 0x09150000)
  eden space 11328K,   0% used [0x03c00000, 0x03c00000, 0x04710000)
  from space 1408K,  84% used [0x04710000, 0x0483b298, 0x04870000)
  to   space 1408K,   0% used [0x04870000, 0x04870000, 0x049d0000)
 tenured generation   total 28216K, used 18246K [0x09150000, 0x0acde000, 0x13c00000)
   the space 28216K,  64% used [0x09150000, 0x0a321b60, 0x0a321c00, 0x0acde000)
 Metaspace       used 37016K, capacity 38890K, committed 39168K, reserved 39296K
}
Event: 2160.315 GC heap before
{Heap before GC invocations=230 (full 8):
 def new generation   total 12736K, used 12524K [0x03c00000, 0x049d0000, 0x09150000)
  eden space 11328K, 100% used [0x03c00000, 0x04710000, 0x04710000)
  from space 1408K,  84% used [0x04710000, 0x0483b298, 0x04870000)
  to   space 1408K,   0% used [0x04870000, 0x04870000, 0x049d0000)
 tenured generation   total 28216K, used 18246K [0x09150000, 0x0acde000, 0x13c00000)
   the space 28216K,  64% used [0x09150000, 0x0a321b60, 0x0a321c00, 0x0acde000)
 Metaspace       used 37087K, capacity 38964K, committed 39168K, reserved 39296K
Event: 2160.323 GC heap after
Heap after GC invocations=231 (full 8):
 def new generation   total 12736K, used 796K [0x03c00000, 0x049d0000, 0x09150000)
  eden space 11328K,   0% used [0x03c00000, 0x03c00000, 0x04710000)
  from space 1408K,  56% used [0x04870000, 0x04937150, 0x049d0000)
  to   space 1408K,   0% used [0x04710000, 0x04710000, 0x04870000)
 tenured generation   total 28216K, used 19074K [0x09150000, 0x0acde000, 0x13c00000)
   the space 28216K,  67% used [0x09150000, 0x0a3f0ae8, 0x0a3f0c00, 0x0acde000)
 Metaspace       used 37087K, capacity 38964K, committed 39168K, reserved 39296K
}
Event: 2160.578 GC heap before
{Heap before GC invocations=231 (full 8):
 def new generation   total 12736K, used 12124K [0x03c00000, 0x049d0000, 0x09150000)
  eden space 11328K, 100% used [0x03c00000, 0x04710000, 0x04710000)
  from space 1408K,  56% used [0x04870000, 0x04937150, 0x049d0000)
  to   space 1408K,   0% used [0x04710000, 0x04710000, 0x04870000)
 tenured generation   total 28216K, used 19074K [0x09150000, 0x0acde000, 0x13c00000)
   the space 28216K,  67% used [0x09150000, 0x0a3f0ae8, 0x0a3f0c00, 0x0acde000)
 Metaspace       used 37159K, capacity 39048K, committed 39168K, reserved 39296K
Event: 2160.589 GC heap after
Heap after GC invocations=232 (full 8):
 def new generation   total 12736K, used 1360K [0x03c00000, 0x049d0000, 0x09150000)
  eden space 11328K,   0% used [0x03c00000, 0x03c00000, 0x04710000)
  from space 1408K,  96% used [0x04710000, 0x04864188, 0x04870000)
  to   space 1408K,   0% used [0x04870000, 0x04870000, 0x049d0000)
 tenured generation   total 28216K, used 19846K [0x09150000, 0x0acde000, 0x13c00000)
   the space 28216K,  70% used [0x09150000, 0x0a4b18b8, 0x0a4b1a00, 0x0acde000)
 Metaspace       used 37159K, capacity 39048K, committed 39168K, reserved 39296K
}
Event: 2163.897 GC heap before
{Heap before GC invocations=232 (full 8):
 def new generation   total 12736K, used 12688K [0x03c00000, 0x049d0000, 0x09150000)
  eden space 11328K, 100% used [0x03c00000, 0x04710000, 0x04710000)
  from space 1408K,  96% used [0x04710000, 0x04864188, 0x04870000)
  to   space 1408K,   0% used [0x04870000, 0x04870000, 0x049d0000)
 tenured generation   total 28216K, used 19846K [0x09150000, 0x0acde000, 0x13c00000)
   the space 28216K,  70% used [0x09150000, 0x0a4b18b8, 0x0a4b1a00, 0x0acde000)
 Metaspace       used 37169K, capacity 39066K, committed 39168K, reserved 39296K
Event: 2163.910 GC heap after
Heap after GC invocations=233 (full 8):
 def new generation   total 12736K, used 1408K [0x03c00000, 0x049d0000, 0x09150000)
  eden space 11328K,   0% used [0x03c00000, 0x03c00000, 0x04710000)
  from space 1408K, 100% used [0x04870000, 0x049d0000, 0x049d0000)
  to   space 1408K,   0% used [0x04710000, 0x04710000, 0x04870000)
 tenured generation   total 28216K, used 21188K [0x09150000, 0x0acde000, 0x13c00000)
   the space 28216K,  75% used [0x09150000, 0x0a601048, 0x0a601200, 0x0acde000)
 Metaspace       used 37169K, capacity 39066K, committed 39168K, reserved 39296K
}
Event: 2164.091 GC heap before
{Heap before GC invocations=233 (full 8):
 def new generation   total 12736K, used 12736K [0x03c00000, 0x049d0000, 0x09150000)
  eden space 11328K, 100% used [0x03c00000, 0x04710000, 0x04710000)
  from space 1408K, 100% used [0x04870000, 0x049d0000, 0x049d0000)
  to   space 1408K,   0% used [0x04710000, 0x04710000, 0x04870000)
 tenured generation   total 28216K, used 21188K [0x09150000, 0x0acde000, 0x13c00000)
   the space 28216K,  75% used [0x09150000, 0x0a601048, 0x0a601200, 0x0acde000)
 Metaspace       used 37169K, capacity 39066K, committed 39168K, reserved 39296K
Event: 2164.101 GC heap after
Heap after GC invocations=234 (full 8):
 def new generation   total 12736K, used 989K [0x03c00000, 0x049d0000, 0x09150000)
  eden space 11328K,   0% used [0x03c00000, 0x03c00000, 0x04710000)
  from space 1408K,  70% used [0x04710000, 0x04807550, 0x04870000)
  to   space 1408K,   0% used [0x04870000, 0x04870000, 0x049d0000)
 tenured generation   total 28216K, used 22595K [0x09150000, 0x0acde000, 0x13c00000)
   the space 28216K,  80% used [0x09150000, 0x0a760c48, 0x0a760e00, 0x0acde000)
 Metaspace       used 37169K, capacity 39066K, committed 39168K, reserved 39296K
}

